<?xml version="1.0" encoding="UTF-8"?>
<!-- Generated by org.testng.reporters.JUnitReportReporter -->
<testsuite hostname="LAPTOP-S8KVD42F" failures="0" tests="1" name="com.automation.Order" time="34.277" errors="0" timestamp="2024-04-04T11:23:24 GMT-04:00" skipped="0">
  <testcase classname="com.automation.Order" name="sidesDelivery" time="34.277"/>
</testsuite> <!-- com.automation.Order -->
