<?xml version="1.0" encoding="UTF-8"?>
<!-- Generated by org.testng.reporters.JUnitReportReporter -->
<testsuite hostname="THE8MANSLAPTOP" failures="0" tests="7" name="automationcodeonTiffenOrdersByRupavira.Order" time="110.936" errors="0" timestamp="2024-05-30T10:45:43 GMT-04:00" skipped="0">
  <testcase classname="automationcodeonTiffenOrdersByRupavira.Order" name="Soup" time="11.925"/>
  <testcase classname="automationcodeonTiffenOrdersByRupavira.Order" name="Appetizer" time="12.357"/>
  <testcase classname="automationcodeonTiffenOrdersByRupavira.Order" name="VegEntre" time="10.810"/>
  <testcase classname="automationcodeonTiffenOrdersByRupavira.Order" name="NonvegEntre" time="9.374"/>
  <testcase classname="automationcodeonTiffenOrdersByRupavira.Order" name="Specialorder" time="9.938"/>
  <testcase classname="automationcodeonTiffenOrdersByRupavira.Order" name="BreadsPickup" time="28.633"/>
  <testcase classname="automationcodeonTiffenOrdersByRupavira.Order" name="RiceDelivery" time="27.899"/>
</testsuite> <!-- automationcodeonTiffenOrdersByRupavira.Order -->
